1698952720971 GET /library
1698952750569 GET /books
1698952791963 GET /:id/download'
1698952797865 GET /:id/download
1698953030446 GET /
1698953035823 POST /
1698953038470 GET /
1698953807443 GET /
1698953839368 GET /library
1698953846035 GET /
1698953850985 GET /book
1698953853959 GET /
1698953882516 GET /
1698953948307 POST /api/books/demo/login
1698953953712 POST /demo/login
1698953956835 POST /demo/
1698953957783 POST /demo
1698953959942 POST /
1698953970687 GET /api/demo
1698953973284 POST /api/demo
1698953983800 POST /api/books'
1698953986430 GET /api/books'
1698954085936 POST /demo/login
1698954137596 POST /demo/login
1698954144199 POST /
1698954145913 POST /
1698954149439 GET /
1698954160036 GET /
1698954167440 GET /
1698954190080 GET /:id
1698954194788 GET /
1698954306871 POST /api/login
1698954311500 POST /login
1698954353137 GET /demo/
1698954407685 POST /demo/login
1698954415410 POST /demo/login
1698954423134 POST /demo/login
1698954523863 POST /api/book
1698954546180 GET /api/book
1698955275954 GET /
1698955333298 GET /
1698955334048 GET /
1698955368615 GET /
